<?xml version="1.0" encoding="utf-8" ?>
<!DOCTYPE html PUBLIC "-//W3C//DTD XHTML 1.0 Strict//EN"
        "http://www.w3.org/TR/xhtml1/DTD/xhtml1-strict.dtd">
<html xmlns="http://www.w3.org/1999/xhtml" xml:lang="" lang="">
<head>
  <title>Test Results Report - Default test</title>
  <meta http-equiv="Content-Type" content="text/html;charset=utf-8" />
  <meta name="description" content="TestNG unit test results." />
  <link href="reportng.css" rel="stylesheet" type="text/css" />
    <script type="text/javascript" src="reportng.js"></script>
</head>
<body>
<h1>Default test</h1>
<p>
  Test duration: 21.853s
</p>



  <table class="resultsTable">
    <tr><th colspan="3" class="header failed">Failed Tests</th></tr>
          <tr>
        <td colspan="3" class="group">com.dbyl.tests.loginTest</td>
      </tr>
            
<tr>
  <td class="method">
                  loginByUserName
      </td>
  <td class="duration">
    21.266s
  </td>
  <td class="result">
        
    
        

        <a href="javascript:toggleElement('exception-0', 'block')" title="Click to expand/collapse"><b>org.openqa.selenium.ElementNotVisibleException: Element is not currently visible and so may not be interacted with<br/>
Command duration or timeout: 17 milliseconds<br/>
Build info: version: &apos;2.52.0&apos;, revision: &apos;4c2593c&apos;, time: &apos;2016-02-11 19:03:33&apos;<br/>
System info: host: &apos;700bikedeMacBook-Air.local&apos;, ip: &apos;192.168.1.3&apos;, os.name: &apos;Mac OS X&apos;, os.arch: &apos;x86_64&apos;, os.version: &apos;10.11.2&apos;, java.version: &apos;1.7.0_80&apos;<br/>
Session ID: 08e99390-8530-1540-b880-8ddd93df6b2e<br/>
Driver info: org.openqa.selenium.firefox.FirefoxDriver<br/>
Capabilities [{platform=MAC, acceptSslCerts=true, javascriptEnabled=true, cssSelectorsEnabled=true, databaseEnabled=true, browserName=firefox, handlesAlerts=true, nativeEvents=false, webStorageEnabled=true, rotatable=false, locationContextEnabled=true, applicationCacheEnabled=true, takesScreenshot=true, version=44.0.2}]</b></a><br />
    <div class="stackTrace" id="exception-0">
              sun.reflect.NativeConstructorAccessorImpl.newInstance0(Native Method)<br />
              sun.reflect.NativeConstructorAccessorImpl.newInstance(NativeConstructorAccessorImpl.java:57)<br />
              sun.reflect.DelegatingConstructorAccessorImpl.newInstance(DelegatingConstructorAccessorImpl.java:45)<br />
              java.lang.reflect.Constructor.newInstance(Constructor.java:526)<br />
              org.openqa.selenium.remote.ErrorHandler.createThrowable(ErrorHandler.java:206)<br />
              org.openqa.selenium.remote.ErrorHandler.throwIfResponseFailed(ErrorHandler.java:158)<br />
              org.openqa.selenium.remote.RemoteWebDriver.execute(RemoteWebDriver.java:678)<br />
              org.openqa.selenium.remote.RemoteWebElement.execute(RemoteWebElement.java:327)<br />
              org.openqa.selenium.remote.RemoteWebElement.click(RemoteWebElement.java:85)<br />
              com.dbyl.libarary.utils.BasePage.click(BasePage.java:142)<br />
              com.dbyl.libarary.pageAction.HomePage.clickOnMainPage(HomePage.java:48)<br />
              com.dbyl.libarary.action.ViewHomePage.viewMyProfile(ViewHomePage.java:35)<br />
              com.dbyl.tests.loginTest.loginByUserName(loginTest.java:34)<br />
              sun.reflect.NativeMethodAccessorImpl.invoke0(Native Method)<br />
              sun.reflect.NativeMethodAccessorImpl.invoke(NativeMethodAccessorImpl.java:57)<br />
              sun.reflect.DelegatingMethodAccessorImpl.invoke(DelegatingMethodAccessorImpl.java:43)<br />
              java.lang.reflect.Method.invoke(Method.java:606)<br />
              org.testng.internal.MethodInvocationHelper.invokeMethod(MethodInvocationHelper.java:86)<br />
              org.testng.internal.Invoker.invokeMethod(Invoker.java:645)<br />
              org.testng.internal.Invoker.invokeTestMethod(Invoker.java:822)<br />
              org.testng.internal.Invoker.invokeTestMethods(Invoker.java:1130)<br />
              org.testng.internal.TestMethodWorker.invokeTestMethods(TestMethodWorker.java:129)<br />
              org.testng.internal.TestMethodWorker.run(TestMethodWorker.java:112)<br />
              org.testng.TestRunner.privateRun(TestRunner.java:782)<br />
              org.testng.TestRunner.run(TestRunner.java:632)<br />
              org.testng.SuiteRunner.runTest(SuiteRunner.java:366)<br />
              org.testng.SuiteRunner.runSequentially(SuiteRunner.java:361)<br />
              org.testng.SuiteRunner.privateRun(SuiteRunner.java:319)<br />
              org.testng.SuiteRunner.run(SuiteRunner.java:268)<br />
              org.testng.SuiteRunnerWorker.runSuite(SuiteRunnerWorker.java:52)<br />
              org.testng.SuiteRunnerWorker.run(SuiteRunnerWorker.java:86)<br />
              org.testng.TestNG.runSuitesSequentially(TestNG.java:1244)<br />
              org.testng.TestNG.runSuitesLocally(TestNG.java:1169)<br />
              org.testng.TestNG.run(TestNG.java:1064)<br />
              org.testng.remote.RemoteTestNG.run(RemoteTestNG.java:113)<br />
              org.testng.remote.RemoteTestNG.initAndRun(RemoteTestNG.java:206)<br />
              org.testng.remote.RemoteTestNG.main(RemoteTestNG.java:177)<br />
                    <b>Caused by: </b> <a href="javascript:toggleElement('exception-1', 'block')" title="Click to expand/collapse">org.openqa.selenium.ElementNotVisibleException: Element is not currently visible and so may not be interacted with<br/>
Build info: version: &apos;2.52.0&apos;, revision: &apos;4c2593c&apos;, time: &apos;2016-02-11 19:03:33&apos;<br/>
System info: host: &apos;700bikedeMacBook-Air.local&apos;, ip: &apos;192.168.1.3&apos;, os.name: &apos;Mac OS X&apos;, os.arch: &apos;x86_64&apos;, os.version: &apos;10.11.2&apos;, java.version: &apos;1.7.0_80&apos;<br/>
Driver info: driver.version: unknown</a><br />
        <div class="stackTrace" id="exception-1">
                      &lt;anonymous class&gt;.fxdriver.preconditions.visible(file:///var/folders/xf/kdg8kbhj4fn2_0fpfvbl9v300000gp/T/anonymous4879180210889005785webdriver-profile/extensions/fxdriver@googlecode.com/components/command-processor.js:10045)<br />
                      &lt;anonymous class&gt;.DelayedCommand.prototype.checkPreconditions_(file:///var/folders/xf/kdg8kbhj4fn2_0fpfvbl9v300000gp/T/anonymous4879180210889005785webdriver-profile/extensions/fxdriver@googlecode.com/components/command-processor.js:12597)<br />
                      &lt;anonymous class&gt;.DelayedCommand.prototype.executeInternal_/h(file:///var/folders/xf/kdg8kbhj4fn2_0fpfvbl9v300000gp/T/anonymous4879180210889005785webdriver-profile/extensions/fxdriver@googlecode.com/components/command-processor.js:12614)<br />
                      &lt;anonymous class&gt;.DelayedCommand.prototype.executeInternal_(file:///var/folders/xf/kdg8kbhj4fn2_0fpfvbl9v300000gp/T/anonymous4879180210889005785webdriver-profile/extensions/fxdriver@googlecode.com/components/command-processor.js:12619)<br />
                      &lt;anonymous class&gt;.DelayedCommand.prototype.execute/&lt;(file:///var/folders/xf/kdg8kbhj4fn2_0fpfvbl9v300000gp/T/anonymous4879180210889005785webdriver-profile/extensions/fxdriver@googlecode.com/components/command-processor.js:12561)<br />
                  </div>
          </div>
      </td>
</tr>
      </table>


  
</body>
</html>
