<?xml version="1.0" encoding="UTF-8"?>
<testsuite name="Default test"
           tests="1"
           failures="1"
           errors="0"
           skipped="0"
           time="10.649">
  <properties />
            <testcase name="loginByUserName" time="10.649" classname="com.dbyl.tests.loginTest">
                <failure type="org.openqa.selenium.WebDriverException"
                  message="UnknownError: Cannot press more then one button or an already pressed button.&apos;UnknownError: Cannot press more then one button or an already pressed button.&apos; when calling method: [wdIMouse::click]
Command duration or timeout: 50 milliseconds
Build info: version: &apos;2.52.0&apos;, revision: &apos;4c2593c&apos;, time: &apos;2016-02-11 19:03:33&apos;
System info: host: &apos;700bikedeMacBook-Air.local&apos;, ip: &apos;192.168.1.3&apos;, os.name: &apos;Mac OS X&apos;, os.arch: &apos;x86_64&apos;, os.version: &apos;10.11.2&apos;, java.version: &apos;1.7.0_80&apos;
Session ID: 50d0c738-aa34-584d-a9c3-ce8ad1bec605
Driver info: org.openqa.selenium.firefox.FirefoxDriver
Capabilities [{platform=MAC, acceptSslCerts=true, javascriptEnabled=true, cssSelectorsEnabled=true, databaseEnabled=true, browserName=firefox, handlesAlerts=true, nativeEvents=false, webStorageEnabled=true, rotatable=false, locationContextEnabled=true, applicationCacheEnabled=true, takesScreenshot=true, version=44.0.2}]"
              >
<![CDATA[org.openqa.selenium.WebDriverException: UnknownError: Cannot press more then one button or an already pressed button.'UnknownError: Cannot press more then one button or an already pressed button.' when calling method: [wdIMouse::click]
Command duration or timeout: 50 milliseconds
Build info: version: '2.52.0', revision: '4c2593c', time: '2016-02-11 19:03:33'
System info: host: '700bikedeMacBook-Air.local', ip: '192.168.1.3', os.name: 'Mac OS X', os.arch: 'x86_64', os.version: '10.11.2', java.version: '1.7.0_80'
Session ID: 50d0c738-aa34-584d-a9c3-ce8ad1bec605
Driver info: org.openqa.selenium.firefox.FirefoxDriver
Capabilities [{platform=MAC, acceptSslCerts=true, javascriptEnabled=true, cssSelectorsEnabled=true, databaseEnabled=true, browserName=firefox, handlesAlerts=true, nativeEvents=false, webStorageEnabled=true, rotatable=false, locationContextEnabled=true, applicationCacheEnabled=true, takesScreenshot=true, version=44.0.2}]
  sun.reflect.NativeConstructorAccessorImpl.newInstance0(Native Method)
  sun.reflect.NativeConstructorAccessorImpl.newInstance(NativeConstructorAccessorImpl.java:57)
  sun.reflect.DelegatingConstructorAccessorImpl.newInstance(DelegatingConstructorAccessorImpl.java:45)
  java.lang.reflect.Constructor.newInstance(Constructor.java:526)
  org.openqa.selenium.remote.ErrorHandler.createThrowable(ErrorHandler.java:206)
  org.openqa.selenium.remote.ErrorHandler.throwIfResponseFailed(ErrorHandler.java:158)
  org.openqa.selenium.remote.RemoteWebDriver.execute(RemoteWebDriver.java:678)
  org.openqa.selenium.remote.RemoteWebElement.execute(RemoteWebElement.java:327)
  org.openqa.selenium.remote.RemoteWebElement.click(RemoteWebElement.java:85)
  com.dbyl.libarary.utils.BasePage.click(BasePage.java:142)
  com.dbyl.libarary.pageAction.HomePage.clickOnMainPage(HomePage.java:50)
  com.dbyl.libarary.action.ViewHomePage.viewMyProfile(ViewHomePage.java:37)
  com.dbyl.tests.loginTest.loginByUserName(loginTest.java:34)
  sun.reflect.NativeMethodAccessorImpl.invoke0(Native Method)
  sun.reflect.NativeMethodAccessorImpl.invoke(NativeMethodAccessorImpl.java:57)
  sun.reflect.DelegatingMethodAccessorImpl.invoke(DelegatingMethodAccessorImpl.java:43)
  java.lang.reflect.Method.invoke(Method.java:606)
  org.testng.internal.MethodInvocationHelper.invokeMethod(MethodInvocationHelper.java:86)
  org.testng.internal.Invoker.invokeMethod(Invoker.java:645)
  org.testng.internal.Invoker.invokeTestMethod(Invoker.java:822)
  org.testng.internal.Invoker.invokeTestMethods(Invoker.java:1130)
  org.testng.internal.TestMethodWorker.invokeTestMethods(TestMethodWorker.java:129)
  org.testng.internal.TestMethodWorker.run(TestMethodWorker.java:112)
  org.testng.TestRunner.privateRun(TestRunner.java:782)
  org.testng.TestRunner.run(TestRunner.java:632)
  org.testng.SuiteRunner.runTest(SuiteRunner.java:366)
  org.testng.SuiteRunner.runSequentially(SuiteRunner.java:361)
  org.testng.SuiteRunner.privateRun(SuiteRunner.java:319)
  org.testng.SuiteRunner.run(SuiteRunner.java:268)
  org.testng.SuiteRunnerWorker.runSuite(SuiteRunnerWorker.java:52)
  org.testng.SuiteRunnerWorker.run(SuiteRunnerWorker.java:86)
  org.testng.TestNG.runSuitesSequentially(TestNG.java:1244)
  org.testng.TestNG.runSuitesLocally(TestNG.java:1169)
  org.testng.TestNG.run(TestNG.java:1064)
  org.testng.remote.RemoteTestNG.run(RemoteTestNG.java:113)
  org.testng.remote.RemoteTestNG.initAndRun(RemoteTestNG.java:206)
  org.testng.remote.RemoteTestNG.main(RemoteTestNG.java:177)
Caused by: org.openqa.selenium.WebDriverException: UnknownError: Cannot press more then one button or an already pressed button.'UnknownError: Cannot press more then one button or an already pressed button.' when calling method: [wdIMouse::click]
Build info: version: '2.52.0', revision: '4c2593c', time: '2016-02-11 19:03:33'
System info: host: '700bikedeMacBook-Air.local', ip: '192.168.1.3', os.name: 'Mac OS X', os.arch: 'x86_64', os.version: '10.11.2', java.version: '1.7.0_80'
Driver info: driver.version: unknown
  <anonymous class>.WebElement.clickElement(file:///var/folders/xf/kdg8kbhj4fn2_0fpfvbl9v300000gp/T/anonymous626003260474709487webdriver-profile/extensions/fxdriver@googlecode.com/components/command-processor.js:12041)
  <anonymous class>.DelayedCommand.prototype.executeInternal_/h(file:///var/folders/xf/kdg8kbhj4fn2_0fpfvbl9v300000gp/T/anonymous626003260474709487webdriver-profile/extensions/fxdriver@googlecode.com/components/command-processor.js:12614)
  <anonymous class>.DelayedCommand.prototype.executeInternal_(file:///var/folders/xf/kdg8kbhj4fn2_0fpfvbl9v300000gp/T/anonymous626003260474709487webdriver-profile/extensions/fxdriver@googlecode.com/components/command-processor.js:12619)
  <anonymous class>.DelayedCommand.prototype.execute/<(file:///var/folders/xf/kdg8kbhj4fn2_0fpfvbl9v300000gp/T/anonymous626003260474709487webdriver-profile/extensions/fxdriver@googlecode.com/components/command-processor.js:12561)
]]>
      </failure>

          </testcase>
  
  
  
</testsuite>
